2025-10-25 16:26:50, MOVE, v:1, k:poo@notebook, mode:PICK
2025-10-25 16:27:42, MOVE, v:1, k:poo@motoca, mode:DOWN
2025-10-25 19:00:44, MOVE, v:1, k:poo@motoca, mode:PICK
2025-10-25 19:00:46, EXEC, v:1, k:poo@motoca, mode:FULL, rate:20, size:95
2025-10-25 19:01:29, EXEC, v:1, k:poo@motoca, mode:FULL, rate:20, size:95
2025-10-25 19:01:41, EXEC, v:1, k:poo@motoca, mode:FULL, rate:40, size:95
2025-10-25 19:04:15, EXEC, v:1, k:poo@motoca, mode:FULL, rate:40
2025-10-25 19:06:26, EXEC, v:1, k:poo@motoca, mode:FULL, rate:40, size:96
2025-10-25 19:08:04, EXEC, v:1, k:poo@motoca, mode:FULL, rate:0, size:98
2025-10-25 19:08:41, MOVE, v:1, k:poo@motoca, mode:PICK
2025-10-25 19:08:42, EXEC, v:1, k:poo@motoca, mode:FULL, rate:40, size:96
2025-10-25 19:14:12, EXEC, v:1, k:poo@motoca, mode:FULL, rate:40, size:95
2025-10-25 19:15:01, EXEC, v:1, k:poo@motoca, mode:FULL, rate:80, size:91
2025-10-25 19:18:05, EXEC, v:1, k:poo@motoca, mode:FULL, rate:80, size:92
2025-10-25 19:20:45, EXEC, v:1, k:poo@motoca, mode:FULL, rate:80, size:91
2025-10-25 19:22:00, EXEC, v:1, k:poo@motoca, mode:FULL, rate:80, size:92
2025-10-25 19:22:44, EXEC, v:1, k:poo@motoca, mode:FULL, rate:86, size:92
2025-10-25 19:23:37, EXEC, v:1, k:poo@motoca, mode:FULL, rate:86, size:92
2025-10-25 19:23:58, EXEC, v:1, k:poo@motoca, mode:FULL, rate:0, size:92
2025-10-25 19:24:06, EXEC, v:1, k:poo@motoca, mode:FULL, rate:86, size:92
2025-10-25 19:24:36, MOVE, v:1, k:poo@motoca, mode:PICK
2025-10-25 19:24:37, EXEC, v:1, k:poo@motoca, mode:FULL, rate:80, size:92
2025-10-25 19:25:09, EXEC, v:1, k:poo@motoca, mode:FULL, rate:80, size:92
2025-10-25 19:32:27, EXEC, v:1, k:poo@motoca, mode:FULL, rate:66, size:92
2025-10-25 19:33:15, EXEC, v:1, k:poo@motoca, mode:FULL, rate:73, size:92
2025-10-25 19:33:36, EXEC, v:1, k:poo@motoca, mode:FULL, rate:100, size:92
