2025-10-28 00:07:15, MOVE, v:1, k:poo@motouber, mode:DOWN
2025-10-28 01:15:11, MOVE, v:1, k:poo@motouber, mode:PICK
2025-10-28 01:15:12, EXEC, v:1, k:poo@motouber, mode:FULL, rate:0, size:49
2025-10-28 01:18:07, EXEC, v:1, k:poo@motouber, mode:FULL, rate:0, size:78
2025-10-28 01:20:35, EXEC, v:1, k:poo@motouber, mode:FULL, rate:0, size:117
2025-10-28 01:22:51, EXEC, v:1, k:poo@motouber, mode:FULL, rate:0, size:118
2025-10-28 01:24:03, MOVE, v:1, k:poo@motouber, mode:PICK
2025-10-28 01:24:04, EXEC, v:1, k:poo@motouber, mode:FULL, rate:0, size:117
2025-10-28 01:28:35, EXEC, v:1, k:poo@motouber, mode:FULL, rate:0, size:64
2025-10-28 01:28:56, EXEC, v:1, k:poo@motouber, mode:FULL, rate:0, size:62
2025-10-28 01:31:37, EXEC, v:1, k:poo@motouber, mode:FULL, rate:0, size:150
2025-10-28 01:32:15, EXEC, v:1, k:poo@motouber, mode:FULL, rate:0, size:62
2025-10-28 01:32:49, EXEC, v:1, k:poo@motouber, mode:FULL, rate:0, size:61
2025-10-28 01:34:41, EXEC, v:1, k:poo@motouber, mode:FULL, rate:0, size:56
2025-10-28 01:35:34, EXEC, v:1, k:poo@motouber, mode:FULL, rate:0, size:57
2025-10-28 09:11:29, MOVE, v:1, k:poo@motouber, mode:PICK
2025-10-28 09:11:30, EXEC, v:1, k:poo@motouber, mode:FULL, rate:0, size:96
2025-10-28 09:12:53, EXEC, v:1, k:poo@motouber, mode:FULL, rate:87, size:96
2025-10-28 13:07:08, MOVE, v:1, k:poo@motouber, mode:PICK
2025-10-28 13:07:10, EXEC, v:1, k:poo@motouber, mode:FULL, rate:87
2025-10-28 13:28:49, EXEC, v:1, k:poo@motouber, mode:FULL, rate:75, size:100
2025-10-28 13:34:32, EXEC, v:1, k:poo@motouber, mode:FULL, rate:75, size:100
2025-10-28 13:38:24, EXEC, v:1, k:poo@motouber, mode:FULL, rate:100, size:96
2025-10-28 13:44:22, MOVE, v:1, k:poo@motouber, mode:PICK
2025-10-28 13:44:24, EXEC, v:1, k:poo@motouber, mode:FULL, rate:87, size:96
2025-10-28 13:44:50, EXEC, v:1, k:poo@motouber, mode:FULL, rate:100, size:96
2025-10-28 13:45:46, EXEC, v:1, k:poo@motouber, mode:FULL, rate:0, size:96
2025-10-28 13:46:10, MOVE, v:1, k:poo@motouber, mode:BACK
2025-10-28 13:46:26, MOVE, v:1, k:poo@motouber, mode:PICK
2025-10-28 13:46:27, EXEC, v:1, k:poo@motouber, mode:FULL, rate:100, size:96
2025-10-28 13:46:31, MOVE, v:1, k:poo@motouber, mode:BACK
2025-10-28 14:43:16, MOVE, v:1, k:poo@notebook, mode:PICK
2025-10-28 14:43:17, EXEC, v:1, k:poo@notebook, mode:LOCK, rate:100, size:64
